Success (16):
content 513498 _a-0000e13a-d75f-8000-9ba2-011c48011c48_1669041 "test rule"
content 513499 _a-0000e13a-d75f-8000-9ba2-011c48011c48_1669047 "TEST_HELLO"
content 514238 599a8b87-b454-4476-b3c9-4df76afb5d18 "temp_API"
content 522639 c9abd030-15cf-4fb5-b7de-3d7ba93667f7 "googleCalendare"
content 522644 eab0216b-c2a6-4fdb-b558-88b20cfde8e3 "call_googleCalendar"
content 525843 _a-0000e170-634f-8000-9ba2-011c48011c48_1869076 "TEMP_BRA_REC"
content 526622 _a-0000e17c-3fe2-8000-9ba2-011c48011c48_1874604 "TestCoulmnLayout"
content 528753 _a-0000e17c-3fe2-8000-9ba2-011c48011c48_1879077 "test_grid"
content 527703 8be64e80-3edc-4d87-976d-f94ed265e017 "helloWorld"
processModelFolder 690 _g-0000e13a-d75e-8000-f92f-7f0000014e7a_1303 "test process model"
processModel 37743 0002e145-a0c3-8000-f92f-7f0000014e7a "test1"
application 513495 _a-0000e13a-d75f-8000-9ba2-011c48011c48_1669026 "Kalai Test"
webApi 99 60cc7d76-1b5c-480d-a1ca-b7f2d1791afd "Hello world"
webApi 108 c27f66fc-3472-4cbd-8fb5-033cf300bedd "Temp_callRecord"
webApi 109 01991b0f-2f81-43bc-ad80-f046ac2a7e19 "test_webApi"
connectedSystem 522643 _a-0000e152-011f-8000-9ba2-011c48011c48_1846498 "call_Calendar"

Referenced precedents that were not exported (2):
user admzgm3 admzgm3
recordType 348 de41f453-530c-4027-96f7-e8fab92027b4

Trace:
2018-10-25 15:35:51.074 DEBUG application 513495 _a-0000e13a-d75f-8000-9ba2-011c48011c48_1669026 Begin transport.
2018-10-25 15:35:51.074 DEBUG application 513495 _a-0000e13a-d75f-8000-9ba2-011c48011c48_1669026 Retrieving object data.
2018-10-25 15:35:51.08 DEBUG application 513495 _a-0000e13a-d75f-8000-9ba2-011c48011c48_1669026 App associated objects: [content=[_a-0000e13a-d75f-8000-9ba2-011c48011c48_1669041, _a-0000e13a-d75f-8000-9ba2-011c48011c48_1669047, 599a8b87-b454-4476-b3c9-4df76afb5d18, c9abd030-15cf-4fb5-b7de-3d7ba93667f7, eab0216b-c2a6-4fdb-b558-88b20cfde8e3, _a-0000e170-634f-8000-9ba2-011c48011c48_1869076, _a-0000e17c-3fe2-8000-9ba2-011c48011c48_1874604, _a-0000e17c-3fe2-8000-9ba2-011c48011c48_1879077, 8be64e80-3edc-4d87-976d-f94ed265e017],processModelFolder=[_g-0000e13a-d75e-8000-f92f-7f0000014e7a_1303],processModel=[0002e145-a0c3-8000-f92f-7f0000014e7a],webApi=[60cc7d76-1b5c-480d-a1ca-b7f2d1791afd, c27f66fc-3472-4cbd-8fb5-033cf300bedd, 01991b0f-2f81-43bc-ad80-f046ac2a7e19],connectedSystem=[_a-0000e152-011f-8000-9ba2-011c48011c48_1846498]]
2018-10-25 15:35:51.089 DEBUG application 513495 _a-0000e13a-d75f-8000-9ba2-011c48011c48_1669026 Invalid associated objects: []
2018-10-25 15:35:51.089 DEBUG application 513495 _a-0000e13a-d75f-8000-9ba2-011c48011c48_1669026 Adding valid associated objects to be exported: GlobalBindingMap[content={_a-0000e13a-d75f-8000-9ba2-011c48011c48_1669041=513498, _a-0000e13a-d75f-8000-9ba2-011c48011c48_1669047=513499, 599a8b87-b454-4476-b3c9-4df76afb5d18=514238, c9abd030-15cf-4fb5-b7de-3d7ba93667f7=522639, eab0216b-c2a6-4fdb-b558-88b20cfde8e3=522644, _a-0000e170-634f-8000-9ba2-011c48011c48_1869076=525843, _a-0000e17c-3fe2-8000-9ba2-011c48011c48_1874604=526622, _a-0000e17c-3fe2-8000-9ba2-011c48011c48_1879077=528753, 8be64e80-3edc-4d87-976d-f94ed265e017=527703},processModelFolder={_g-0000e13a-d75e-8000-f92f-7f0000014e7a_1303=690},processModel={0002e145-a0c3-8000-f92f-7f0000014e7a=37743},webApi={60cc7d76-1b5c-480d-a1ca-b7f2d1791afd=99, c27f66fc-3472-4cbd-8fb5-033cf300bedd=108, 01991b0f-2f81-43bc-ad80-f046ac2a7e19=109},connectedSystem={_a-0000e152-011f-8000-9ba2-011c48011c48_1846498=522643}]
2018-10-25 15:35:51.089 DEBUG application 513495 _a-0000e13a-d75f-8000-9ba2-011c48011c48_1669026 Setting uuids of object references.
2018-10-25 15:35:51.089 DEBUG application 513495 _a-0000e13a-d75f-8000-9ba2-011c48011c48_1669026 Processing reference: Application.forum
2018-10-25 15:35:51.09 DEBUG application 513495 _a-0000e13a-d75f-8000-9ba2-011c48011c48_1669026 Processing reference: Application.parent
2018-10-25 15:35:51.093 DEBUG application 513495 _a-0000e13a-d75f-8000-9ba2-011c48011c48_1669026 Processing reference: com.appiancorp.suiteapi.content.ContentRoleMap@c0ba14[
  ContentRole[name=readers,inherit=false,allowForAll=false]
  ContentRole[name=authors,inherit=false,allowForAll=false]
  ContentRole[name=administrators,usernames=[admzgm3],inherit=false,allowForAll=false]
  ContentRole[name=denyReaders,inherit=false,allowForAll=false]
  ContentRole[name=denyAuthors,inherit=false,allowForAll=false]
  ContentRole[name=denyAdministrators,inherit=false,allowForAll=false]
  securityVector=129:SEC_PUBLIC=true,SEC_CREATOR_ADMIN=true,SEC_INH_ADMIN=false,SEC_INH_EDITOR=false,SEC_INH_VIEWER=false,SEC_ALL_ADMIN=false,SEC_ALL_EDITOR=false,SEC_ALL_VIEWER=false
]
2018-10-25 15:35:51.093 DEBUG application 513495 _a-0000e13a-d75f-8000-9ba2-011c48011c48_1669026 Processing reference: ContentRole[name=readers,inherit=false,allowForAll=false]
2018-10-25 15:35:51.093 DEBUG application 513495 _a-0000e13a-d75f-8000-9ba2-011c48011c48_1669026 Processing reference: ContentRole[name=authors,inherit=false,allowForAll=false]
2018-10-25 15:35:51.093 DEBUG application 513495 _a-0000e13a-d75f-8000-9ba2-011c48011c48_1669026 Processing reference: ContentRole[name=administrators,usernames=[admzgm3],inherit=false,allowForAll=false]
2018-10-25 15:35:51.094 DEBUG application 513495 _a-0000e13a-d75f-8000-9ba2-011c48011c48_1669026 Processing reference: ContentRole[name=denyReaders,inherit=false,allowForAll=false]
2018-10-25 15:35:51.094 DEBUG application 513495 _a-0000e13a-d75f-8000-9ba2-011c48011c48_1669026 Processing reference: ContentRole[name=denyAuthors,inherit=false,allowForAll=false]
2018-10-25 15:35:51.094 DEBUG application 513495 _a-0000e13a-d75f-8000-9ba2-011c48011c48_1669026 Processing reference: ContentRole[name=denyAdministrators,inherit=false,allowForAll=false]
2018-10-25 15:35:51.097 DEBUG content 513498 _a-0000e13a-d75f-8000-9ba2-011c48011c48_1669041 Begin transport.
2018-10-25 15:35:51.097 DEBUG content 513498 _a-0000e13a-d75f-8000-9ba2-011c48011c48_1669041 Retrieving object data.
2018-10-25 15:35:51.107 DEBUG content 513498 _a-0000e13a-d75f-8000-9ba2-011c48011c48_1669041 Setting uuids of object references.
2018-10-25 15:35:51.107 DEBUG content 513498 _a-0000e13a-d75f-8000-9ba2-011c48011c48_1669041 Processing reference: RulesFolder.forum
2018-10-25 15:35:51.108 DEBUG content 513498 _a-0000e13a-d75f-8000-9ba2-011c48011c48_1669041 Processing reference: RulesFolder.parent
2018-10-25 15:35:51.111 DEBUG content 513498 _a-0000e13a-d75f-8000-9ba2-011c48011c48_1669041 Processing reference: com.appiancorp.suiteapi.content.ContentRoleMap@19149f6b[
  ContentRole[name=readers,inherit=false,allowForAll=false]
  ContentRole[name=authors,inherit=false,allowForAll=false]
  ContentRole[name=administrators,inherit=false,allowForAll=false]
  ContentRole[name=denyReaders,inherit=false,allowForAll=false]
  ContentRole[name=denyAuthors,inherit=false,allowForAll=false]
  ContentRole[name=denyAdministrators,inherit=false,allowForAll=false]
  securityVector=1:SEC_PUBLIC=true,SEC_CREATOR_ADMIN=false,SEC_INH_ADMIN=false,SEC_INH_EDITOR=false,SEC_INH_VIEWER=false,SEC_ALL_ADMIN=false,SEC_ALL_EDITOR=false,SEC_ALL_VIEWER=false
]
2018-10-25 15:35:51.111 DEBUG content 513498 _a-0000e13a-d75f-8000-9ba2-011c48011c48_1669041 Processing reference: ContentRole[name=readers,inherit=false,allowForAll=false]
2018-10-25 15:35:51.111 DEBUG content 513498 _a-0000e13a-d75f-8000-9ba2-011c48011c48_1669041 Processing reference: ContentRole[name=authors,inherit=false,allowForAll=false]
2018-10-25 15:35:51.111 DEBUG content 513498 _a-0000e13a-d75f-8000-9ba2-011c48011c48_1669041 Processing reference: ContentRole[name=administrators,inherit=false,allowForAll=false]
2018-10-25 15:35:51.111 DEBUG content 513498 _a-0000e13a-d75f-8000-9ba2-011c48011c48_1669041 Processing reference: ContentRole[name=denyReaders,inherit=false,allowForAll=false]
2018-10-25 15:35:51.111 DEBUG content 513498 _a-0000e13a-d75f-8000-9ba2-011c48011c48_1669041 Processing reference: ContentRole[name=denyAuthors,inherit=false,allowForAll=false]
2018-10-25 15:35:51.111 DEBUG content 513498 _a-0000e13a-d75f-8000-9ba2-011c48011c48_1669041 Processing reference: ContentRole[name=denyAdministrators,inherit=false,allowForAll=false]
2018-10-25 15:35:51.111 DEBUG content 513498 _a-0000e13a-d75f-8000-9ba2-011c48011c48_1669041 Completing produce.
2018-10-25 15:35:51.111 DEBUG content 513498 _a-0000e13a-d75f-8000-9ba2-011c48011c48_1669041 Exporting binary resources.
2018-10-25 15:35:51.111 DEBUG content 513498 _a-0000e13a-d75f-8000-9ba2-011c48011c48_1669041 Serializing object to XML.
2018-10-25 15:35:51.119 DEBUG content 513498 _a-0000e13a-d75f-8000-9ba2-011c48011c48_1669041 Object transported.
2018-10-25 15:35:51.119 DEBUG content 513499 _a-0000e13a-d75f-8000-9ba2-011c48011c48_1669047 Begin transport.
2018-10-25 15:35:51.119 DEBUG content 513499 _a-0000e13a-d75f-8000-9ba2-011c48011c48_1669047 Retrieving object data.
2018-10-25 15:35:51.129 DEBUG content 513499 _a-0000e13a-d75f-8000-9ba2-011c48011c48_1669047 Setting uuids of object references.
2018-10-25 15:35:51.129 DEBUG content 513499 _a-0000e13a-d75f-8000-9ba2-011c48011c48_1669047 Processing reference: [Content:id=513499,versionId=-1,name=TEST_HELLO,type=32,subtype=0,uuid=_a-0000e13a-d75f-8000-9ba2-011c48011c48_1669047,parent=513498]
2018-10-25 15:35:51.133 DEBUG processModel 37743 0002e145-a0c3-8000-f92f-7f0000014e7a Begin transport.
2018-10-25 15:35:51.133 DEBUG processModel 37743 0002e145-a0c3-8000-f92f-7f0000014e7a Retrieving object data.
2018-10-25 15:35:51.18 DEBUG processModel 37743 0002e145-a0c3-8000-f92f-7f0000014e7a Setting uuids of object references.
2018-10-25 15:35:51.18 DEBUG processModel 37743 0002e145-a0c3-8000-f92f-7f0000014e7a Processing reference: ProcessModelHaul.folderId
2018-10-25 15:35:51.181 DEBUG processModelFolder 690 _g-0000e13a-d75e-8000-f92f-7f0000014e7a_1303 Begin transport.
2018-10-25 15:35:51.181 DEBUG processModelFolder 690 _g-0000e13a-d75e-8000-f92f-7f0000014e7a_1303 Retrieving object data.
2018-10-25 15:35:51.189 DEBUG processModelFolder 690 _g-0000e13a-d75e-8000-f92f-7f0000014e7a_1303 Setting uuids of object references.
2018-10-25 15:35:51.19 DEBUG processModelFolder 690 _g-0000e13a-d75e-8000-f92f-7f0000014e7a_1303 Processing reference: ProcessModelFolder.parentFolderId
2018-10-25 15:35:51.191 DEBUG processModelFolder 690 _g-0000e13a-d75e-8000-f92f-7f0000014e7a_1303 Processing reference: com.appiancorp.suiteapi.process.ProcessRoleMap@72fb44fd[
  Role[name=ADMIN_OWNER]
  Role[name=EDITOR]
  Role[name=EXPLICIT_NONMEMBER]
  Role[name=VIEWER]
  Role[name=MANAGER]
  Role[name=INITIATOR]
]
2018-10-25 15:35:51.191 DEBUG processModelFolder 690 _g-0000e13a-d75e-8000-f92f-7f0000014e7a_1303 Processing reference: Role[name=ADMIN_OWNER]
2018-10-25 15:35:51.191 DEBUG processModelFolder 690 _g-0000e13a-d75e-8000-f92f-7f0000014e7a_1303 Processing reference: Role[name=EDITOR]
2018-10-25 15:35:51.191 DEBUG processModelFolder 690 _g-0000e13a-d75e-8000-f92f-7f0000014e7a_1303 Processing reference: Role[name=EXPLICIT_NONMEMBER]
2018-10-25 15:35:51.191 DEBUG processModelFolder 690 _g-0000e13a-d75e-8000-f92f-7f0000014e7a_1303 Processing reference: Role[name=VIEWER]
2018-10-25 15:35:51.191 DEBUG processModelFolder 690 _g-0000e13a-d75e-8000-f92f-7f0000014e7a_1303 Processing reference: Role[name=MANAGER]
2018-10-25 15:35:51.191 DEBUG processModelFolder 690 _g-0000e13a-d75e-8000-f92f-7f0000014e7a_1303 Processing reference: Role[name=INITIATOR]
2018-10-25 15:35:51.191 DEBUG processModelFolder 690 _g-0000e13a-d75e-8000-f92f-7f0000014e7a_1303 Completing produce.
2018-10-25 15:35:51.191 DEBUG processModelFolder 690 _g-0000e13a-d75e-8000-f92f-7f0000014e7a_1303 Exporting binary resources.
2018-10-25 15:35:51.191 DEBUG processModelFolder 690 _g-0000e13a-d75e-8000-f92f-7f0000014e7a_1303 Serializing object to XML.
2018-10-25 15:35:51.199 DEBUG processModelFolder 690 _g-0000e13a-d75e-8000-f92f-7f0000014e7a_1303 Object transported.
2018-10-25 15:35:51.2 DEBUG processModel 37743 0002e145-a0c3-8000-f92f-7f0000014e7a Processing reference: ProcessModelHaul.modelDashboardPageId
2018-10-25 15:35:51.2 DEBUG processModel 37743 0002e145-a0c3-8000-f92f-7f0000014e7a Processing reference: ProcessModelHaul.processDashboardPageId
2018-10-25 15:35:51.2 DEBUG processModel 37743 0002e145-a0c3-8000-f92f-7f0000014e7a Processing reference: ProcessModel.emailAttachmentFolderId
2018-10-25 15:35:51.2 DEBUG processModel 37743 0002e145-a0c3-8000-f92f-7f0000014e7a Processing reference: InternalForm.docId
2018-10-25 15:35:51.201 DEBUG processModel 37743 0002e145-a0c3-8000-f92f-7f0000014e7a Processing reference: ActivityClassParameter[name=pmID,it=23,v=<null>]
2018-10-25 15:35:51.201 DEBUG processModel 37743 0002e145-a0c3-8000-f92f-7f0000014e7a Processing reference: ActivityClassParameter[name=inMap,it=111,v={}]
2018-10-25 15:35:51.201 DEBUG processModel 37743 0002e145-a0c3-8000-f92f-7f0000014e7a Processing reference: ActivityClassParameter[name=procInheritsPriority,it=1,v=1]
2018-10-25 15:35:51.201 DEBUG processModel 37743 0002e145-a0c3-8000-f92f-7f0000014e7a Processing reference: ActivityClassParameter[name=pmUUID,it=3,v=]
2018-10-25 15:35:51.201 DEBUG processModel 37743 0002e145-a0c3-8000-f92f-7f0000014e7a Processing reference: ActivityClassParameter[name=isAsynchronous,it=26,v=1]
2018-10-25 15:35:51.201 DEBUG processModel 37743 0002e145-a0c3-8000-f92f-7f0000014e7a Processing reference: ActivityClassParameter[name=isTransparent,it=26,v=1]
2018-10-25 15:35:51.201 DEBUG processModel 37743 0002e145-a0c3-8000-f92f-7f0000014e7a Processing reference: ActivityClassParameter[name=inheritSecurity,it=26,v=0]
2018-10-25 15:35:51.201 DEBUG processModel 37743 0002e145-a0c3-8000-f92f-7f0000014e7a Processing reference: ActivityClassParameter[name=name,it=222,v=]
2018-10-25 15:35:51.201 DEBUG processModel 37743 0002e145-a0c3-8000-f92f-7f0000014e7a Processing reference: InternalForm.docId
2018-10-25 15:35:51.202 DEBUG processModel 37743 0002e145-a0c3-8000-f92f-7f0000014e7a Processing reference: com.appiancorp.suiteapi.process.Assignment$Assignee@645c6663
2018-10-25 15:35:51.202 DEBUG processModel 37743 0002e145-a0c3-8000-f92f-7f0000014e7a Processing reference: ProcessVariable[name=name,it=222,v=]
2018-10-25 15:35:51.202 DEBUG processModel 37743 0002e145-a0c3-8000-f92f-7f0000014e7a Processing reference: ProcessVariable[name=message,it=3,v=]
2018-10-25 15:35:51.202 DEBUG processModel 37743 0002e145-a0c3-8000-f92f-7f0000014e7a Processing reference: ProcessVariable[name=user,it=3,v=]
2018-10-25 15:35:51.202 DEBUG processModel 37743 0002e145-a0c3-8000-f92f-7f0000014e7a Processing reference: com.appiancorp.suiteapi.process.ProcessRoleMap@66a1bde9[
  Role[name=ADMIN_OWNER]
  Role[name=EDITOR]
  Role[name=EXPLICIT_NONMEMBER]
  Role[name=VIEWER]
  Role[name=MANAGER]
  Role[name=INITIATOR]
]
2018-10-25 15:35:51.202 DEBUG processModel 37743 0002e145-a0c3-8000-f92f-7f0000014e7a Processing reference: Role[name=ADMIN_OWNER]
2018-10-25 15:35:51.202 DEBUG processModel 37743 0002e145-a0c3-8000-f92f-7f0000014e7a Processing reference: Role[name=EDITOR]
2018-10-25 15:35:51.202 DEBUG processModel 37743 0002e145-a0c3-8000-f92f-7f0000014e7a Processing reference: Role[name=EXPLICIT_NONMEMBER]
2018-10-25 15:35:51.202 DEBUG processModel 37743 0002e145-a0c3-8000-f92f-7f0000014e7a Processing reference: Role[name=VIEWER]
2018-10-25 15:35:51.202 DEBUG processModel 37743 0002e145-a0c3-8000-f92f-7f0000014e7a Processing reference: Role[name=MANAGER]
2018-10-25 15:35:51.202 DEBUG processModel 37743 0002e145-a0c3-8000-f92f-7f0000014e7a Processing reference: Role[name=INITIATOR]
2018-10-25 15:35:51.205 DEBUG processModel 37743 0002e145-a0c3-8000-f92f-7f0000014e7a Completing produce.
2018-10-25 15:35:51.205 DEBUG processModel 37743 0002e145-a0c3-8000-f92f-7f0000014e7a Exporting binary resources.
2018-10-25 15:35:51.205 DEBUG processModel 37743 0002e145-a0c3-8000-f92f-7f0000014e7a Serializing object to XML.
2018-10-25 15:35:51.219 DEBUG processModel 37743 0002e145-a0c3-8000-f92f-7f0000014e7a Object transported.
2018-10-25 15:35:51.219 DEBUG content 513499 _a-0000e13a-d75f-8000-9ba2-011c48011c48_1669047 Processing reference: Constant.forum
2018-10-25 15:35:51.219 DEBUG content 513499 _a-0000e13a-d75f-8000-9ba2-011c48011c48_1669047 Processing reference: Constant.parent
2018-10-25 15:35:51.222 DEBUG content 513499 _a-0000e13a-d75f-8000-9ba2-011c48011c48_1669047 Processing reference: com.appiancorp.suiteapi.content.ContentRoleMap@1bb83524[
  ContentRole[name=readers,inherit=true,allowForAll=false]
  ContentRole[name=authors,inherit=true,allowForAll=false]
  ContentRole[name=administrators,inherit=true,allowForAll=false]
  ContentRole[name=denyReaders,inherit=false,allowForAll=false]
  ContentRole[name=denyAuthors,inherit=false,allowForAll=false]
  ContentRole[name=denyAdministrators,inherit=false,allowForAll=false]
  securityVector=15:SEC_PUBLIC=true,SEC_CREATOR_ADMIN=false,SEC_INH_ADMIN=true,SEC_INH_EDITOR=true,SEC_INH_VIEWER=true,SEC_ALL_ADMIN=false,SEC_ALL_EDITOR=false,SEC_ALL_VIEWER=false
]
2018-10-25 15:35:51.222 DEBUG content 513499 _a-0000e13a-d75f-8000-9ba2-011c48011c48_1669047 Processing reference: ContentRole[name=readers,inherit=true,allowForAll=false]
2018-10-25 15:35:51.222 DEBUG content 513499 _a-0000e13a-d75f-8000-9ba2-011c48011c48_1669047 Processing reference: ContentRole[name=authors,inherit=true,allowForAll=false]
2018-10-25 15:35:51.222 DEBUG content 513499 _a-0000e13a-d75f-8000-9ba2-011c48011c48_1669047 Processing reference: ContentRole[name=administrators,inherit=true,allowForAll=false]
2018-10-25 15:35:51.223 DEBUG content 513499 _a-0000e13a-d75f-8000-9ba2-011c48011c48_1669047 Processing reference: ContentRole[name=denyReaders,inherit=false,allowForAll=false]
2018-10-25 15:35:51.223 DEBUG content 513499 _a-0000e13a-d75f-8000-9ba2-011c48011c48_1669047 Processing reference: ContentRole[name=denyAuthors,inherit=false,allowForAll=false]
2018-10-25 15:35:51.223 DEBUG content 513499 _a-0000e13a-d75f-8000-9ba2-011c48011c48_1669047 Processing reference: ContentRole[name=denyAdministrators,inherit=false,allowForAll=false]
2018-10-25 15:35:51.223 DEBUG content 513499 _a-0000e13a-d75f-8000-9ba2-011c48011c48_1669047 Completing produce.
2018-10-25 15:35:51.223 DEBUG content 513499 _a-0000e13a-d75f-8000-9ba2-011c48011c48_1669047 Exporting binary resources.
2018-10-25 15:35:51.223 DEBUG content 513499 _a-0000e13a-d75f-8000-9ba2-011c48011c48_1669047 Serializing object to XML.
2018-10-25 15:35:51.233 DEBUG content 513499 _a-0000e13a-d75f-8000-9ba2-011c48011c48_1669047 Object transported.
2018-10-25 15:35:51.233 DEBUG content 514238 599a8b87-b454-4476-b3c9-4df76afb5d18 Begin transport.
2018-10-25 15:35:51.233 DEBUG content 514238 599a8b87-b454-4476-b3c9-4df76afb5d18 Retrieving object data.
2018-10-25 15:35:51.245 DEBUG content 514238 599a8b87-b454-4476-b3c9-4df76afb5d18 Setting uuids of object references.
2018-10-25 15:35:51.245 DEBUG content 514238 599a8b87-b454-4476-b3c9-4df76afb5d18 Processing reference: [Content:id=514238,versionId=-1,name=temp_API,type=32,subtype=5,uuid=599a8b87-b454-4476-b3c9-4df76afb5d18,parent=513498]
2018-10-25 15:35:51.247 DEBUG content 514238 599a8b87-b454-4476-b3c9-4df76afb5d18 Processing reference: OutboundIntegration.configParametersForJaxb
2018-10-25 15:35:51.248 DEBUG content 514238 599a8b87-b454-4476-b3c9-4df76afb5d18 Processing reference: OutboundIntegration.forum
2018-10-25 15:35:51.249 DEBUG content 514238 599a8b87-b454-4476-b3c9-4df76afb5d18 Processing reference: OutboundIntegration.integrationOutputsAsTypedValue
2018-10-25 15:35:51.25 DEBUG content 514238 599a8b87-b454-4476-b3c9-4df76afb5d18 Processing reference: OutboundIntegration.parent
2018-10-25 15:35:51.253 DEBUG content 514238 599a8b87-b454-4476-b3c9-4df76afb5d18 Processing reference: OutboundIntegration.sharedConfigParameters
2018-10-25 15:35:51.253 DEBUG content 514238 599a8b87-b454-4476-b3c9-4df76afb5d18 Processing reference: com.appiancorp.suiteapi.content.ContentRoleMap@28e1de04[
  ContentRole[name=readers,inherit=true,allowForAll=false]
  ContentRole[name=authors,inherit=true,allowForAll=false]
  ContentRole[name=administrators,inherit=true,allowForAll=false]
  ContentRole[name=denyReaders,inherit=false,allowForAll=false]
  ContentRole[name=denyAuthors,inherit=false,allowForAll=false]
  ContentRole[name=denyAdministrators,inherit=false,allowForAll=false]
  securityVector=15:SEC_PUBLIC=true,SEC_CREATOR_ADMIN=false,SEC_INH_ADMIN=true,SEC_INH_EDITOR=true,SEC_INH_VIEWER=true,SEC_ALL_ADMIN=false,SEC_ALL_EDITOR=false,SEC_ALL_VIEWER=false
]
2018-10-25 15:35:51.253 DEBUG content 514238 599a8b87-b454-4476-b3c9-4df76afb5d18 Processing reference: ContentRole[name=readers,inherit=true,allowForAll=false]
2018-10-25 15:35:51.254 DEBUG content 514238 599a8b87-b454-4476-b3c9-4df76afb5d18 Processing reference: ContentRole[name=authors,inherit=true,allowForAll=false]
2018-10-25 15:35:51.254 DEBUG content 514238 599a8b87-b454-4476-b3c9-4df76afb5d18 Processing reference: ContentRole[name=administrators,inherit=true,allowForAll=false]
2018-10-25 15:35:51.254 DEBUG content 514238 599a8b87-b454-4476-b3c9-4df76afb5d18 Processing reference: ContentRole[name=denyReaders,inherit=false,allowForAll=false]
2018-10-25 15:35:51.254 DEBUG content 514238 599a8b87-b454-4476-b3c9-4df76afb5d18 Processing reference: ContentRole[name=denyAuthors,inherit=false,allowForAll=false]
2018-10-25 15:35:51.254 DEBUG content 514238 599a8b87-b454-4476-b3c9-4df76afb5d18 Processing reference: ContentRole[name=denyAdministrators,inherit=false,allowForAll=false]
2018-10-25 15:35:51.254 DEBUG content 514238 599a8b87-b454-4476-b3c9-4df76afb5d18 Completing produce.
2018-10-25 15:35:51.254 DEBUG content 514238 599a8b87-b454-4476-b3c9-4df76afb5d18 Exporting binary resources.
2018-10-25 15:35:51.254 DEBUG content 514238 599a8b87-b454-4476-b3c9-4df76afb5d18 Serializing object to XML.
2018-10-25 15:35:51.271 DEBUG content 514238 599a8b87-b454-4476-b3c9-4df76afb5d18 Object transported.
2018-10-25 15:35:51.271 DEBUG content 522639 c9abd030-15cf-4fb5-b7de-3d7ba93667f7 Begin transport.
2018-10-25 15:35:51.271 DEBUG content 522639 c9abd030-15cf-4fb5-b7de-3d7ba93667f7 Retrieving object data.
2018-10-25 15:35:51.283 DEBUG content 522639 c9abd030-15cf-4fb5-b7de-3d7ba93667f7 Setting uuids of object references.
2018-10-25 15:35:51.283 DEBUG content 522639 c9abd030-15cf-4fb5-b7de-3d7ba93667f7 Processing reference: [Content:id=522639,versionId=-1,name=googleCalendare,type=32,subtype=5,uuid=c9abd030-15cf-4fb5-b7de-3d7ba93667f7,parent=513498]
2018-10-25 15:35:51.283 DEBUG content 522639 c9abd030-15cf-4fb5-b7de-3d7ba93667f7 Processing reference: OutboundIntegration.configParametersForJaxb
2018-10-25 15:35:51.283 DEBUG content 522639 c9abd030-15cf-4fb5-b7de-3d7ba93667f7 Processing reference: OutboundIntegration.forum
2018-10-25 15:35:51.284 DEBUG content 522639 c9abd030-15cf-4fb5-b7de-3d7ba93667f7 Processing reference: OutboundIntegration.integrationOutputsAsTypedValue
2018-10-25 15:35:51.284 DEBUG content 522639 c9abd030-15cf-4fb5-b7de-3d7ba93667f7 Processing reference: OutboundIntegration.parent
2018-10-25 15:35:51.287 DEBUG content 522639 c9abd030-15cf-4fb5-b7de-3d7ba93667f7 Processing reference: OutboundIntegration.sharedConfigParameters
2018-10-25 15:35:51.287 DEBUG content 522639 c9abd030-15cf-4fb5-b7de-3d7ba93667f7 Processing reference: com.appiancorp.suiteapi.content.ContentRoleMap@7473fb08[
  ContentRole[name=readers,inherit=true,allowForAll=false]
  ContentRole[name=authors,inherit=true,allowForAll=false]
  ContentRole[name=administrators,inherit=true,allowForAll=false]
  ContentRole[name=denyReaders,inherit=false,allowForAll=false]
  ContentRole[name=denyAuthors,inherit=false,allowForAll=false]
  ContentRole[name=denyAdministrators,inherit=false,allowForAll=false]
  securityVector=15:SEC_PUBLIC=true,SEC_CREATOR_ADMIN=false,SEC_INH_ADMIN=true,SEC_INH_EDITOR=true,SEC_INH_VIEWER=true,SEC_ALL_ADMIN=false,SEC_ALL_EDITOR=false,SEC_ALL_VIEWER=false
]
2018-10-25 15:35:51.287 DEBUG content 522639 c9abd030-15cf-4fb5-b7de-3d7ba93667f7 Processing reference: ContentRole[name=readers,inherit=true,allowForAll=false]
2018-10-25 15:35:51.287 DEBUG content 522639 c9abd030-15cf-4fb5-b7de-3d7ba93667f7 Processing reference: ContentRole[name=authors,inherit=true,allowForAll=false]
2018-10-25 15:35:51.287 DEBUG content 522639 c9abd030-15cf-4fb5-b7de-3d7ba93667f7 Processing reference: ContentRole[name=administrators,inherit=true,allowForAll=false]
2018-10-25 15:35:51.288 DEBUG content 522639 c9abd030-15cf-4fb5-b7de-3d7ba93667f7 Processing reference: ContentRole[name=denyReaders,inherit=false,allowForAll=false]
2018-10-25 15:35:51.288 DEBUG content 522639 c9abd030-15cf-4fb5-b7de-3d7ba93667f7 Processing reference: ContentRole[name=denyAuthors,inherit=false,allowForAll=false]
2018-10-25 15:35:51.288 DEBUG content 522639 c9abd030-15cf-4fb5-b7de-3d7ba93667f7 Processing reference: ContentRole[name=denyAdministrators,inherit=false,allowForAll=false]
2018-10-25 15:35:51.288 DEBUG content 522639 c9abd030-15cf-4fb5-b7de-3d7ba93667f7 Completing produce.
2018-10-25 15:35:51.288 DEBUG content 522639 c9abd030-15cf-4fb5-b7de-3d7ba93667f7 Exporting binary resources.
2018-10-25 15:35:51.288 DEBUG content 522639 c9abd030-15cf-4fb5-b7de-3d7ba93667f7 Serializing object to XML.
2018-10-25 15:35:51.304 DEBUG content 522639 c9abd030-15cf-4fb5-b7de-3d7ba93667f7 Object transported.
2018-10-25 15:35:51.304 DEBUG content 522644 eab0216b-c2a6-4fdb-b558-88b20cfde8e3 Begin transport.
2018-10-25 15:35:51.304 DEBUG content 522644 eab0216b-c2a6-4fdb-b558-88b20cfde8e3 Retrieving object data.
2018-10-25 15:35:51.315 DEBUG content 522644 eab0216b-c2a6-4fdb-b558-88b20cfde8e3 Setting uuids of object references.
2018-10-25 15:35:51.315 DEBUG content 522644 eab0216b-c2a6-4fdb-b558-88b20cfde8e3 Processing reference: [Content:id=522644,versionId=-1,name=call_googleCalendar,type=32,subtype=5,uuid=eab0216b-c2a6-4fdb-b558-88b20cfde8e3,parent=513498]
2018-10-25 15:35:51.321 DEBUG connectedSystem 522643 _a-0000e152-011f-8000-9ba2-011c48011c48_1846498 Begin transport.
2018-10-25 15:35:51.321 DEBUG connectedSystem 522643 _a-0000e152-011f-8000-9ba2-011c48011c48_1846498 Retrieving object data.
2018-10-25 15:35:51.326 DEBUG connectedSystem 522643 _a-0000e152-011f-8000-9ba2-011c48011c48_1846498 Setting uuids of object references.
2018-10-25 15:35:51.333 DEBUG connectedSystem 522643 _a-0000e152-011f-8000-9ba2-011c48011c48_1846498 Processing reference: ConnectedSystem.forum
2018-10-25 15:35:51.333 DEBUG connectedSystem 522643 _a-0000e152-011f-8000-9ba2-011c48011c48_1846498 Processing reference: ConnectedSystem.logoId
2018-10-25 15:35:51.334 DEBUG connectedSystem 522643 _a-0000e152-011f-8000-9ba2-011c48011c48_1846498 Processing reference: ConnectedSystem.parent
2018-10-25 15:35:51.337 DEBUG connectedSystem 522643 _a-0000e152-011f-8000-9ba2-011c48011c48_1846498 Processing reference: ConnectedSystem.sharedConfigParameters
2018-10-25 15:35:51.337 DEBUG connectedSystem 522643 _a-0000e152-011f-8000-9ba2-011c48011c48_1846498 Processing reference: com.appiancorp.suiteapi.content.ContentRoleMap@43cfe848[
  ContentRole[name=readers,inherit=false,allowForAll=false]
  ContentRole[name=authors,inherit=false,allowForAll=false]
  ContentRole[name=administrators,inherit=false,allowForAll=false]
  ContentRole[name=denyReaders,inherit=false,allowForAll=false]
  ContentRole[name=denyAuthors,inherit=false,allowForAll=false]
  ContentRole[name=denyAdministrators,inherit=false,allowForAll=false]
  securityVector=1:SEC_PUBLIC=true,SEC_CREATOR_ADMIN=false,SEC_INH_ADMIN=false,SEC_INH_EDITOR=false,SEC_INH_VIEWER=false,SEC_ALL_ADMIN=false,SEC_ALL_EDITOR=false,SEC_ALL_VIEWER=false
]
2018-10-25 15:35:51.337 DEBUG connectedSystem 522643 _a-0000e152-011f-8000-9ba2-011c48011c48_1846498 Processing reference: ContentRole[name=readers,inherit=false,allowForAll=false]
2018-10-25 15:35:51.337 DEBUG connectedSystem 522643 _a-0000e152-011f-8000-9ba2-011c48011c48_1846498 Processing reference: ContentRole[name=authors,inherit=false,allowForAll=false]
2018-10-25 15:35:51.338 DEBUG connectedSystem 522643 _a-0000e152-011f-8000-9ba2-011c48011c48_1846498 Processing reference: ContentRole[name=administrators,inherit=false,allowForAll=false]
2018-10-25 15:35:51.338 DEBUG connectedSystem 522643 _a-0000e152-011f-8000-9ba2-011c48011c48_1846498 Processing reference: ContentRole[name=denyReaders,inherit=false,allowForAll=false]
2018-10-25 15:35:51.338 DEBUG connectedSystem 522643 _a-0000e152-011f-8000-9ba2-011c48011c48_1846498 Processing reference: ContentRole[name=denyAuthors,inherit=false,allowForAll=false]
2018-10-25 15:35:51.338 DEBUG connectedSystem 522643 _a-0000e152-011f-8000-9ba2-011c48011c48_1846498 Processing reference: ContentRole[name=denyAdministrators,inherit=false,allowForAll=false]
2018-10-25 15:35:51.349 DEBUG connectedSystem 522643 _a-0000e152-011f-8000-9ba2-011c48011c48_1846498 Registering export properties.
2018-10-25 15:35:51.349 DEBUG connectedSystem 522643 _a-0000e152-011f-8000-9ba2-011c48011c48_1846498 Completing produce.
2018-10-25 15:35:51.349 DEBUG connectedSystem 522643 _a-0000e152-011f-8000-9ba2-011c48011c48_1846498 Exporting binary resources.
2018-10-25 15:35:51.349 DEBUG connectedSystem 522643 _a-0000e152-011f-8000-9ba2-011c48011c48_1846498 Serializing object to XML.
2018-10-25 15:35:51.361 DEBUG connectedSystem 522643 _a-0000e152-011f-8000-9ba2-011c48011c48_1846498 Object transported.
2018-10-25 15:35:51.362 DEBUG content 522644 eab0216b-c2a6-4fdb-b558-88b20cfde8e3 Processing reference: OutboundIntegration.configParametersForJaxb
2018-10-25 15:35:51.362 DEBUG content 522644 eab0216b-c2a6-4fdb-b558-88b20cfde8e3 Processing reference: OutboundIntegration.forum
2018-10-25 15:35:51.362 DEBUG content 522644 eab0216b-c2a6-4fdb-b558-88b20cfde8e3 Processing reference: OutboundIntegration.integrationOutputsAsTypedValue
2018-10-25 15:35:51.363 DEBUG content 522644 eab0216b-c2a6-4fdb-b558-88b20cfde8e3 Processing reference: OutboundIntegration.parent
2018-10-25 15:35:51.366 DEBUG content 522644 eab0216b-c2a6-4fdb-b558-88b20cfde8e3 Processing reference: OutboundIntegration.sharedConfigParameters
2018-10-25 15:35:51.366 DEBUG content 522644 eab0216b-c2a6-4fdb-b558-88b20cfde8e3 Processing reference: com.appiancorp.suiteapi.content.ContentRoleMap@468e53a0[
  ContentRole[name=readers,inherit=true,allowForAll=false]
  ContentRole[name=authors,inherit=true,allowForAll=false]
  ContentRole[name=administrators,inherit=true,allowForAll=false]
  ContentRole[name=denyReaders,inherit=false,allowForAll=false]
  ContentRole[name=denyAuthors,inherit=false,allowForAll=false]
  ContentRole[name=denyAdministrators,inherit=false,allowForAll=false]
  securityVector=15:SEC_PUBLIC=true,SEC_CREATOR_ADMIN=false,SEC_INH_ADMIN=true,SEC_INH_EDITOR=true,SEC_INH_VIEWER=true,SEC_ALL_ADMIN=false,SEC_ALL_EDITOR=false,SEC_ALL_VIEWER=false
]
2018-10-25 15:35:51.366 DEBUG content 522644 eab0216b-c2a6-4fdb-b558-88b20cfde8e3 Processing reference: ContentRole[name=readers,inherit=true,allowForAll=false]
2018-10-25 15:35:51.366 DEBUG content 522644 eab0216b-c2a6-4fdb-b558-88b20cfde8e3 Processing reference: ContentRole[name=authors,inherit=true,allowForAll=false]
2018-10-25 15:35:51.366 DEBUG content 522644 eab0216b-c2a6-4fdb-b558-88b20cfde8e3 Processing reference: ContentRole[name=administrators,inherit=true,allowForAll=false]
2018-10-25 15:35:51.366 DEBUG content 522644 eab0216b-c2a6-4fdb-b558-88b20cfde8e3 Processing reference: ContentRole[name=denyReaders,inherit=false,allowForAll=false]
2018-10-25 15:35:51.366 DEBUG content 522644 eab0216b-c2a6-4fdb-b558-88b20cfde8e3 Processing reference: ContentRole[name=denyAuthors,inherit=false,allowForAll=false]
2018-10-25 15:35:51.366 DEBUG content 522644 eab0216b-c2a6-4fdb-b558-88b20cfde8e3 Processing reference: ContentRole[name=denyAdministrators,inherit=false,allowForAll=false]
2018-10-25 15:35:51.366 DEBUG content 522644 eab0216b-c2a6-4fdb-b558-88b20cfde8e3 Completing produce.
2018-10-25 15:35:51.366 DEBUG content 522644 eab0216b-c2a6-4fdb-b558-88b20cfde8e3 Exporting binary resources.
2018-10-25 15:35:51.366 DEBUG content 522644 eab0216b-c2a6-4fdb-b558-88b20cfde8e3 Serializing object to XML.
2018-10-25 15:35:51.382 DEBUG content 522644 eab0216b-c2a6-4fdb-b558-88b20cfde8e3 Object transported.
2018-10-25 15:35:51.382 DEBUG content 525843 _a-0000e170-634f-8000-9ba2-011c48011c48_1869076 Begin transport.
2018-10-25 15:35:51.382 DEBUG content 525843 _a-0000e170-634f-8000-9ba2-011c48011c48_1869076 Retrieving object data.
2018-10-25 15:35:51.392 DEBUG content 525843 _a-0000e170-634f-8000-9ba2-011c48011c48_1869076 Setting uuids of object references.
2018-10-25 15:35:51.392 DEBUG content 525843 _a-0000e170-634f-8000-9ba2-011c48011c48_1869076 Processing reference: [Content:id=525843,versionId=-1,name=TEMP_BRA_REC,type=32,subtype=0,uuid=_a-0000e170-634f-8000-9ba2-011c48011c48_1869076,parent=513498]
2018-10-25 15:35:51.396 DEBUG content 525843 _a-0000e170-634f-8000-9ba2-011c48011c48_1869076 Processing reference: Constant.forum
2018-10-25 15:35:51.397 DEBUG content 525843 _a-0000e170-634f-8000-9ba2-011c48011c48_1869076 Processing reference: Constant.parent
2018-10-25 15:35:51.4 DEBUG content 525843 _a-0000e170-634f-8000-9ba2-011c48011c48_1869076 Processing reference: com.appiancorp.suiteapi.content.ContentRoleMap@11972606[
  ContentRole[name=readers,inherit=true,allowForAll=false]
  ContentRole[name=authors,inherit=true,allowForAll=false]
  ContentRole[name=administrators,inherit=true,allowForAll=false]
  ContentRole[name=denyReaders,inherit=false,allowForAll=false]
  ContentRole[name=denyAuthors,inherit=false,allowForAll=false]
  ContentRole[name=denyAdministrators,inherit=false,allowForAll=false]
  securityVector=15:SEC_PUBLIC=true,SEC_CREATOR_ADMIN=false,SEC_INH_ADMIN=true,SEC_INH_EDITOR=true,SEC_INH_VIEWER=true,SEC_ALL_ADMIN=false,SEC_ALL_EDITOR=false,SEC_ALL_VIEWER=false
]
2018-10-25 15:35:51.4 DEBUG content 525843 _a-0000e170-634f-8000-9ba2-011c48011c48_1869076 Processing reference: ContentRole[name=readers,inherit=true,allowForAll=false]
2018-10-25 15:35:51.4 DEBUG content 525843 _a-0000e170-634f-8000-9ba2-011c48011c48_1869076 Processing reference: ContentRole[name=authors,inherit=true,allowForAll=false]
2018-10-25 15:35:51.4 DEBUG content 525843 _a-0000e170-634f-8000-9ba2-011c48011c48_1869076 Processing reference: ContentRole[name=administrators,inherit=true,allowForAll=false]
2018-10-25 15:35:51.4 DEBUG content 525843 _a-0000e170-634f-8000-9ba2-011c48011c48_1869076 Processing reference: ContentRole[name=denyReaders,inherit=false,allowForAll=false]
2018-10-25 15:35:51.4 DEBUG content 525843 _a-0000e170-634f-8000-9ba2-011c48011c48_1869076 Processing reference: ContentRole[name=denyAuthors,inherit=false,allowForAll=false]
2018-10-25 15:35:51.4 DEBUG content 525843 _a-0000e170-634f-8000-9ba2-011c48011c48_1869076 Processing reference: ContentRole[name=denyAdministrators,inherit=false,allowForAll=false]
2018-10-25 15:35:51.4 DEBUG content 525843 _a-0000e170-634f-8000-9ba2-011c48011c48_1869076 Completing produce.
2018-10-25 15:35:51.4 DEBUG content 525843 _a-0000e170-634f-8000-9ba2-011c48011c48_1869076 Exporting binary resources.
2018-10-25 15:35:51.4 DEBUG content 525843 _a-0000e170-634f-8000-9ba2-011c48011c48_1869076 Serializing object to XML.
2018-10-25 15:35:51.409 DEBUG content 525843 _a-0000e170-634f-8000-9ba2-011c48011c48_1869076 Object transported.
2018-10-25 15:35:51.409 DEBUG content 526622 _a-0000e17c-3fe2-8000-9ba2-011c48011c48_1874604 Begin transport.
2018-10-25 15:35:51.409 DEBUG content 526622 _a-0000e17c-3fe2-8000-9ba2-011c48011c48_1874604 Retrieving object data.
2018-10-25 15:35:51.421 DEBUG content 526622 _a-0000e17c-3fe2-8000-9ba2-011c48011c48_1874604 Setting uuids of object references.
2018-10-25 15:35:51.421 DEBUG content 526622 _a-0000e17c-3fe2-8000-9ba2-011c48011c48_1874604 Processing reference: [Content:id=526512,versionId=-1,name=TestCoulmnLayout,type=32,subtype=1,uuid=_a-0000e17c-3fe2-8000-9ba2-011c48011c48_1874604,parent=513498]
2018-10-25 15:35:51.422 DEBUG content 526622 _a-0000e17c-3fe2-8000-9ba2-011c48011c48_1874604 Processing reference: FreeformRule.forum
2018-10-25 15:35:51.422 DEBUG content 526622 _a-0000e17c-3fe2-8000-9ba2-011c48011c48_1874604 Processing reference: FreeformRule.parent
2018-10-25 15:35:51.425 DEBUG content 526622 _a-0000e17c-3fe2-8000-9ba2-011c48011c48_1874604 Processing reference: com.appiancorp.suiteapi.content.ContentRoleMap@4d56b5ff[
  ContentRole[name=readers,inherit=true,allowForAll=false]
  ContentRole[name=authors,inherit=true,allowForAll=false]
  ContentRole[name=administrators,inherit=true,allowForAll=false]
  ContentRole[name=denyReaders,inherit=false,allowForAll=false]
  ContentRole[name=denyAuthors,inherit=false,allowForAll=false]
  ContentRole[name=denyAdministrators,inherit=false,allowForAll=false]
  securityVector=15:SEC_PUBLIC=true,SEC_CREATOR_ADMIN=false,SEC_INH_ADMIN=true,SEC_INH_EDITOR=true,SEC_INH_VIEWER=true,SEC_ALL_ADMIN=false,SEC_ALL_EDITOR=false,SEC_ALL_VIEWER=false
]
2018-10-25 15:35:51.425 DEBUG content 526622 _a-0000e17c-3fe2-8000-9ba2-011c48011c48_1874604 Processing reference: ContentRole[name=readers,inherit=true,allowForAll=false]
2018-10-25 15:35:51.425 DEBUG content 526622 _a-0000e17c-3fe2-8000-9ba2-011c48011c48_1874604 Processing reference: ContentRole[name=authors,inherit=true,allowForAll=false]
2018-10-25 15:35:51.425 DEBUG content 526622 _a-0000e17c-3fe2-8000-9ba2-011c48011c48_1874604 Processing reference: ContentRole[name=administrators,inherit=true,allowForAll=false]
2018-10-25 15:35:51.425 DEBUG content 526622 _a-0000e17c-3fe2-8000-9ba2-011c48011c48_1874604 Processing reference: ContentRole[name=denyReaders,inherit=false,allowForAll=false]
2018-10-25 15:35:51.425 DEBUG content 526622 _a-0000e17c-3fe2-8000-9ba2-011c48011c48_1874604 Processing reference: ContentRole[name=denyAuthors,inherit=false,allowForAll=false]
2018-10-25 15:35:51.425 DEBUG content 526622 _a-0000e17c-3fe2-8000-9ba2-011c48011c48_1874604 Processing reference: ContentRole[name=denyAdministrators,inherit=false,allowForAll=false]
2018-10-25 15:35:51.425 DEBUG content 526622 _a-0000e17c-3fe2-8000-9ba2-011c48011c48_1874604 Completing produce.
2018-10-25 15:35:51.425 DEBUG content 526622 _a-0000e17c-3fe2-8000-9ba2-011c48011c48_1874604 Exporting binary resources.
2018-10-25 15:35:51.425 DEBUG content 526622 _a-0000e17c-3fe2-8000-9ba2-011c48011c48_1874604 Serializing object to XML.
2018-10-25 15:35:51.432 DEBUG content 526622 _a-0000e17c-3fe2-8000-9ba2-011c48011c48_1874604 Object transported.
2018-10-25 15:35:51.433 DEBUG content 528753 _a-0000e17c-3fe2-8000-9ba2-011c48011c48_1879077 Begin transport.
2018-10-25 15:35:51.433 DEBUG content 528753 _a-0000e17c-3fe2-8000-9ba2-011c48011c48_1879077 Retrieving object data.
2018-10-25 15:35:51.443 DEBUG content 528753 _a-0000e17c-3fe2-8000-9ba2-011c48011c48_1879077 Setting uuids of object references.
2018-10-25 15:35:51.443 DEBUG content 528753 _a-0000e17c-3fe2-8000-9ba2-011c48011c48_1879077 Processing reference: [Content:id=526934,versionId=-1,name=test_grid,type=32,subtype=1,uuid=_a-0000e17c-3fe2-8000-9ba2-011c48011c48_1879077,parent=513498]
2018-10-25 15:35:51.444 DEBUG content 528753 _a-0000e17c-3fe2-8000-9ba2-011c48011c48_1879077 Processing reference: FreeformRule.forum
2018-10-25 15:35:51.444 DEBUG content 528753 _a-0000e17c-3fe2-8000-9ba2-011c48011c48_1879077 Processing reference: TypedVariable[name=name,it=222,v=]
2018-10-25 15:35:51.444 DEBUG content 528753 _a-0000e17c-3fe2-8000-9ba2-011c48011c48_1879077 Processing reference: FreeformRule.parent
2018-10-25 15:35:51.447 DEBUG content 528753 _a-0000e17c-3fe2-8000-9ba2-011c48011c48_1879077 Processing reference: com.appiancorp.suiteapi.content.ContentRoleMap@5ba41062[
  ContentRole[name=readers,inherit=true,allowForAll=false]
  ContentRole[name=authors,inherit=true,allowForAll=false]
  ContentRole[name=administrators,inherit=true,allowForAll=false]
  ContentRole[name=denyReaders,inherit=false,allowForAll=false]
  ContentRole[name=denyAuthors,inherit=false,allowForAll=false]
  ContentRole[name=denyAdministrators,inherit=false,allowForAll=false]
  securityVector=15:SEC_PUBLIC=true,SEC_CREATOR_ADMIN=false,SEC_INH_ADMIN=true,SEC_INH_EDITOR=true,SEC_INH_VIEWER=true,SEC_ALL_ADMIN=false,SEC_ALL_EDITOR=false,SEC_ALL_VIEWER=false
]
2018-10-25 15:35:51.447 DEBUG content 528753 _a-0000e17c-3fe2-8000-9ba2-011c48011c48_1879077 Processing reference: ContentRole[name=readers,inherit=true,allowForAll=false]
2018-10-25 15:35:51.447 DEBUG content 528753 _a-0000e17c-3fe2-8000-9ba2-011c48011c48_1879077 Processing reference: ContentRole[name=authors,inherit=true,allowForAll=false]
2018-10-25 15:35:51.447 DEBUG content 528753 _a-0000e17c-3fe2-8000-9ba2-011c48011c48_1879077 Processing reference: ContentRole[name=administrators,inherit=true,allowForAll=false]
2018-10-25 15:35:51.447 DEBUG content 528753 _a-0000e17c-3fe2-8000-9ba2-011c48011c48_1879077 Processing reference: ContentRole[name=denyReaders,inherit=false,allowForAll=false]
2018-10-25 15:35:51.447 DEBUG content 528753 _a-0000e17c-3fe2-8000-9ba2-011c48011c48_1879077 Processing reference: ContentRole[name=denyAuthors,inherit=false,allowForAll=false]
2018-10-25 15:35:51.447 DEBUG content 528753 _a-0000e17c-3fe2-8000-9ba2-011c48011c48_1879077 Processing reference: ContentRole[name=denyAdministrators,inherit=false,allowForAll=false]
2018-10-25 15:35:51.447 DEBUG content 528753 _a-0000e17c-3fe2-8000-9ba2-011c48011c48_1879077 Completing produce.
2018-10-25 15:35:51.447 DEBUG content 528753 _a-0000e17c-3fe2-8000-9ba2-011c48011c48_1879077 Exporting binary resources.
2018-10-25 15:35:51.447 DEBUG content 528753 _a-0000e17c-3fe2-8000-9ba2-011c48011c48_1879077 Serializing object to XML.
2018-10-25 15:35:51.455 DEBUG content 528753 _a-0000e17c-3fe2-8000-9ba2-011c48011c48_1879077 Object transported.
2018-10-25 15:35:51.455 DEBUG content 527703 8be64e80-3edc-4d87-976d-f94ed265e017 Begin transport.
2018-10-25 15:35:51.455 DEBUG content 527703 8be64e80-3edc-4d87-976d-f94ed265e017 Retrieving object data.
2018-10-25 15:35:51.466 DEBUG content 527703 8be64e80-3edc-4d87-976d-f94ed265e017 Setting uuids of object references.
2018-10-25 15:35:51.466 DEBUG content 527703 8be64e80-3edc-4d87-976d-f94ed265e017 Processing reference: [Content:id=527703,versionId=-1,name=helloWorld,type=32,subtype=5,uuid=8be64e80-3edc-4d87-976d-f94ed265e017,parent=513498]
2018-10-25 15:35:51.466 DEBUG content 527703 8be64e80-3edc-4d87-976d-f94ed265e017 Processing reference: OutboundIntegration.configParametersForJaxb
2018-10-25 15:35:51.466 DEBUG content 527703 8be64e80-3edc-4d87-976d-f94ed265e017 Processing reference: OutboundIntegration.forum
2018-10-25 15:35:51.467 DEBUG content 527703 8be64e80-3edc-4d87-976d-f94ed265e017 Processing reference: OutboundIntegration.integrationOutputsAsTypedValue
2018-10-25 15:35:51.467 DEBUG content 527703 8be64e80-3edc-4d87-976d-f94ed265e017 Processing reference: OutboundIntegration.parent
2018-10-25 15:35:51.47 DEBUG content 527703 8be64e80-3edc-4d87-976d-f94ed265e017 Processing reference: OutboundIntegration.sharedConfigParameters
2018-10-25 15:35:51.471 DEBUG content 527703 8be64e80-3edc-4d87-976d-f94ed265e017 Processing reference: com.appiancorp.suiteapi.content.ContentRoleMap@4c121eed[
  ContentRole[name=readers,inherit=true,allowForAll=false]
  ContentRole[name=authors,inherit=true,allowForAll=false]
  ContentRole[name=administrators,inherit=true,allowForAll=false]
  ContentRole[name=denyReaders,inherit=false,allowForAll=false]
  ContentRole[name=denyAuthors,inherit=false,allowForAll=false]
  ContentRole[name=denyAdministrators,inherit=false,allowForAll=false]
  securityVector=15:SEC_PUBLIC=true,SEC_CREATOR_ADMIN=false,SEC_INH_ADMIN=true,SEC_INH_EDITOR=true,SEC_INH_VIEWER=true,SEC_ALL_ADMIN=false,SEC_ALL_EDITOR=false,SEC_ALL_VIEWER=false
]
2018-10-25 15:35:51.471 DEBUG content 527703 8be64e80-3edc-4d87-976d-f94ed265e017 Processing reference: ContentRole[name=readers,inherit=true,allowForAll=false]
2018-10-25 15:35:51.471 DEBUG content 527703 8be64e80-3edc-4d87-976d-f94ed265e017 Processing reference: ContentRole[name=authors,inherit=true,allowForAll=false]
2018-10-25 15:35:51.471 DEBUG content 527703 8be64e80-3edc-4d87-976d-f94ed265e017 Processing reference: ContentRole[name=administrators,inherit=true,allowForAll=false]
2018-10-25 15:35:51.471 DEBUG content 527703 8be64e80-3edc-4d87-976d-f94ed265e017 Processing reference: ContentRole[name=denyReaders,inherit=false,allowForAll=false]
2018-10-25 15:35:51.471 DEBUG content 527703 8be64e80-3edc-4d87-976d-f94ed265e017 Processing reference: ContentRole[name=denyAuthors,inherit=false,allowForAll=false]
2018-10-25 15:35:51.471 DEBUG content 527703 8be64e80-3edc-4d87-976d-f94ed265e017 Processing reference: ContentRole[name=denyAdministrators,inherit=false,allowForAll=false]
2018-10-25 15:35:51.471 DEBUG content 527703 8be64e80-3edc-4d87-976d-f94ed265e017 Completing produce.
2018-10-25 15:35:51.471 DEBUG content 527703 8be64e80-3edc-4d87-976d-f94ed265e017 Exporting binary resources.
2018-10-25 15:35:51.471 DEBUG content 527703 8be64e80-3edc-4d87-976d-f94ed265e017 Serializing object to XML.
2018-10-25 15:35:51.487 DEBUG content 527703 8be64e80-3edc-4d87-976d-f94ed265e017 Object transported.
2018-10-25 15:35:51.496 DEBUG webApi 99 60cc7d76-1b5c-480d-a1ca-b7f2d1791afd Begin transport.
2018-10-25 15:35:51.496 DEBUG webApi 99 60cc7d76-1b5c-480d-a1ca-b7f2d1791afd Retrieving object data.
2018-10-25 15:35:51.53 DEBUG webApi 99 60cc7d76-1b5c-480d-a1ca-b7f2d1791afd Setting uuids of object references.
2018-10-25 15:35:51.532 DEBUG webApi 99 60cc7d76-1b5c-480d-a1ca-b7f2d1791afd Processing reference: WebApi.expression
2018-10-25 15:35:51.533 DEBUG webApi 99 60cc7d76-1b5c-480d-a1ca-b7f2d1791afd Completing produce.
2018-10-25 15:35:51.533 DEBUG webApi 99 60cc7d76-1b5c-480d-a1ca-b7f2d1791afd Exporting binary resources.
2018-10-25 15:35:51.533 DEBUG webApi 99 60cc7d76-1b5c-480d-a1ca-b7f2d1791afd Serializing object to XML.
2018-10-25 15:35:51.542 DEBUG webApi 99 60cc7d76-1b5c-480d-a1ca-b7f2d1791afd Object transported.
2018-10-25 15:35:51.542 DEBUG webApi 108 c27f66fc-3472-4cbd-8fb5-033cf300bedd Begin transport.
2018-10-25 15:35:51.542 DEBUG webApi 108 c27f66fc-3472-4cbd-8fb5-033cf300bedd Retrieving object data.
2018-10-25 15:35:51.561 DEBUG webApi 108 c27f66fc-3472-4cbd-8fb5-033cf300bedd Setting uuids of object references.
2018-10-25 15:35:51.561 DEBUG webApi 108 c27f66fc-3472-4cbd-8fb5-033cf300bedd Processing reference: WebApi.expression
2018-10-25 15:35:51.57 DEBUG webApi 108 c27f66fc-3472-4cbd-8fb5-033cf300bedd Completing produce.
2018-10-25 15:35:51.57 DEBUG webApi 108 c27f66fc-3472-4cbd-8fb5-033cf300bedd Exporting binary resources.
2018-10-25 15:35:51.57 DEBUG webApi 108 c27f66fc-3472-4cbd-8fb5-033cf300bedd Serializing object to XML.
2018-10-25 15:35:51.582 DEBUG webApi 108 c27f66fc-3472-4cbd-8fb5-033cf300bedd Object transported.
2018-10-25 15:35:51.582 DEBUG webApi 109 01991b0f-2f81-43bc-ad80-f046ac2a7e19 Begin transport.
2018-10-25 15:35:51.582 DEBUG webApi 109 01991b0f-2f81-43bc-ad80-f046ac2a7e19 Retrieving object data.
2018-10-25 15:35:51.598 DEBUG webApi 109 01991b0f-2f81-43bc-ad80-f046ac2a7e19 Setting uuids of object references.
2018-10-25 15:35:51.598 DEBUG webApi 109 01991b0f-2f81-43bc-ad80-f046ac2a7e19 Processing reference: WebApi.expression
2018-10-25 15:35:51.598 DEBUG webApi 109 01991b0f-2f81-43bc-ad80-f046ac2a7e19 Completing produce.
2018-10-25 15:35:51.598 DEBUG webApi 109 01991b0f-2f81-43bc-ad80-f046ac2a7e19 Exporting binary resources.
2018-10-25 15:35:51.598 DEBUG webApi 109 01991b0f-2f81-43bc-ad80-f046ac2a7e19 Serializing object to XML.
2018-10-25 15:35:51.605 DEBUG webApi 109 01991b0f-2f81-43bc-ad80-f046ac2a7e19 Object transported.
2018-10-25 15:35:51.608 DEBUG application 513495 _a-0000e13a-d75f-8000-9ba2-011c48011c48_1669026 Completing produce.
2018-10-25 15:35:51.608 DEBUG application 513495 _a-0000e13a-d75f-8000-9ba2-011c48011c48_1669026 Exporting binary resources.
2018-10-25 15:35:51.608 DEBUG application 513495 _a-0000e13a-d75f-8000-9ba2-011c48011c48_1669026 Serializing object to XML.
2018-10-25 15:35:51.616 DEBUG application 513495 _a-0000e13a-d75f-8000-9ba2-011c48011c48_1669026 Object transported.
